# JRE version: OpenJDK Runtime Environment (11.0.11+9) (build 11.0.11+9-b60-7590822)
# Java VM: OpenJDK 64-Bit Server VM (11.0.11+9-b60-7590822, mixed mode, tiered, compressed oops, g1 gc, windows-amd64)
Heap:
 garbage-first heap   total 118784K, used 72962K [0x0000000080000000, 0x0000000100000000)
  region size 1024K, 37 young (37888K), 7 survivors (7168K)
 Metaspace       used 51656K, capacity 53060K, committed 53248K, reserved 1095680K
  class space    used 6610K, capacity 7115K, committed 7168K, reserved 1048576K
GC Heap History (20 events):
Event: 2.446 GC heap before
{Heap before GC invocations=1 (full 0):
 garbage-first heap   total 98304K, used 64449K [0x0000000080000000, 0x0000000100000000)
  region size 1024K, 57 young (58368K), 3 survivors (3072K)
 Metaspace       used 13235K, capacity 13595K, committed 13952K, reserved 1060864K
  class space    used 1460K, capacity 1557K, committed 1664K, reserved 1048576K
}
Event: 2.460 GC heap after
{Heap after GC invocations=2 (full 0):
 garbage-first heap   total 98304K, used 15188K [0x0000000080000000, 0x0000000100000000)
  region size 1024K, 8 young (8192K), 8 survivors (8192K)
 Metaspace       used 13235K, capacity 13595K, committed 13952K, reserved 1060864K
  class space    used 1460K, capacity 1557K, committed 1664K, reserved 1048576K
}
Event: 4.384 GC heap before
{Heap before GC invocations=2 (full 0):
 garbage-first heap   total 98304K, used 61268K [0x0000000080000000, 0x0000000100000000)
  region size 1024K, 54 young (55296K), 8 survivors (8192K)
 Metaspace       used 20507K, capacity 20981K, committed 21120K, reserved 1067008K
  class space    used 2523K, capacity 2680K, committed 2688K, reserved 1048576K
}
Event: 4.392 GC heap after
{Heap after GC invocations=3 (full 0):
 garbage-first heap   total 98304K, used 17336K [0x0000000080000000, 0x0000000100000000)
  region size 1024K, 3 young (3072K), 3 survivors (3072K)
 Metaspace       used 20507K, capacity 20981K, committed 21120K, reserved 1067008K
  class space    used 2523K, capacity 2680K, committed 2688K, reserved 1048576K
}
Event: 4.443 GC heap before
{Heap before GC invocations=3 (full 0):
 garbage-first heap   total 98304K, used 18360K [0x0000000080000000, 0x0000000100000000)
  region size 1024K, 5 young (5120K), 3 survivors (3072K)
 Metaspace       used 20755K, capacity 21144K, committed 21248K, reserved 1067008K
  class space    used 2552K, capacity 2713K, committed 2816K, reserved 1048576K
}
Event: 4.448 GC heap after
{Heap after GC invocations=4 (full 0):
 garbage-first heap   total 98304K, used 17265K [0x0000000080000000, 0x0000000100000000)
  region size 1024K, 3 young (3072K), 3 survivors (3072K)
 Metaspace       used 20755K, capacity 21144K, committed 21248K, reserved 1067008K
  class space    used 2552K, capacity 2713K, committed 2816K, reserved 1048576K
}
Event: 5.461 GC heap before
{Heap before GC invocations=5 (full 0):
 garbage-first heap   total 98304K, used 66417K [0x0000000080000000, 0x0000000100000000)
  region size 1024K, 51 young (52224K), 3 survivors (3072K)
 Metaspace       used 25777K, capacity 26430K, committed 26752K, reserved 1073152K
  class space    used 3371K, capacity 3587K, committed 3712K, reserved 1048576K
}
Event: 5.466 GC heap after
{Heap after GC invocations=6 (full 0):
 garbage-first heap   total 98304K, used 19011K [0x0000000080000000, 0x0000000100000000)
  region size 1024K, 4 young (4096K), 4 survivors (4096K)
 Metaspace       used 25777K, capacity 26430K, committed 26752K, reserved 1073152K
  class space    used 3371K, capacity 3587K, committed 3712K, reserved 1048576K
}
Event: 6.277 GC heap before
{Heap before GC invocations=6 (full 0):
 garbage-first heap   total 98304K, used 69187K [0x0000000080000000, 0x0000000100000000)
  region size 1024K, 53 young (54272K), 4 survivors (4096K)
 Metaspace       used 30350K, capacity 31021K, committed 31232K, reserved 1077248K
  class space    used 4068K, capacity 4315K, committed 4352K, reserved 1048576K
}
Event: 6.282 GC heap after
{Heap after GC invocations=7 (full 0):
 garbage-first heap   total 98304K, used 20583K [0x0000000080000000, 0x0000000100000000)
  region size 1024K, 4 young (4096K), 4 survivors (4096K)
 Metaspace       used 30350K, capacity 31021K, committed 31232K, reserved 1077248K
  class space    used 4068K, capacity 4315K, committed 4352K, reserved 1048576K
}
Event: 6.806 GC heap before
{Heap before GC invocations=7 (full 0):
 garbage-first heap   total 98304K, used 35943K [0x0000000080000000, 0x0000000100000000)
  region size 1024K, 20 young (20480K), 4 survivors (4096K)
 Metaspace       used 34887K, capacity 35669K, committed 35840K, reserved 1081344K
  class space    used 4530K, capacity 4844K, committed 4864K, reserved 1048576K
}
Event: 6.818 GC heap after
{Heap after GC invocations=8 (full 0):
 garbage-first heap   total 98304K, used 22491K [0x0000000080000000, 0x0000000100000000)
  region size 1024K, 6 young (6144K), 6 survivors (6144K)
 Metaspace       used 34887K, capacity 35669K, committed 35840K, reserved 1081344K
  class space    used 4530K, capacity 4844K, committed 4864K, reserved 1048576K
}
Event: 7.656 GC heap before
{Heap before GC invocations=9 (full 0):
 garbage-first heap   total 98304K, used 72667K [0x0000000080000000, 0x0000000100000000)
  region size 1024K, 53 young (54272K), 6 survivors (6144K)
 Metaspace       used 39332K, capacity 40253K, committed 40576K, reserved 1085440K
  class space    used 5027K, capacity 5388K, committed 5504K, reserved 1048576K
}
Event: 7.666 GC heap after
{Heap after GC invocations=10 (full 0):
 garbage-first heap   total 98304K, used 26493K [0x0000000080000000, 0x0000000100000000)
  region size 1024K, 7 young (7168K), 7 survivors (7168K)
 Metaspace       used 39332K, capacity 40253K, committed 40576K, reserved 1085440K
  class space    used 5027K, capacity 5388K, committed 5504K, reserved 1048576K
}
Event: 8.371 GC heap before
{Heap before GC invocations=10 (full 0):
 garbage-first heap   total 98304K, used 73597K [0x0000000080000000, 0x0000000100000000)
  region size 1024K, 53 young (54272K), 7 survivors (7168K)
 Metaspace       used 42624K, capacity 43626K, committed 43776K, reserved 1087488K
  class space    used 5520K, capacity 5864K, committed 5888K, reserved 1048576K
}
Event: 8.381 GC heap after
{Heap after GC invocations=11 (full 0):
 garbage-first heap   total 118784K, used 29548K [0x0000000080000000, 0x0000000100000000)
  region size 1024K, 4 young (4096K), 4 survivors (4096K)
 Metaspace       used 42624K, capacity 43626K, committed 43776K, reserved 1087488K
  class space    used 5520K, capacity 5864K, committed 5888K, reserved 1048576K
}
Event: 10.045 GC heap before
{Heap before GC invocations=11 (full 0):
 garbage-first heap   total 118784K, used 83820K [0x0000000080000000, 0x0000000100000000)
  region size 1024K, 57 young (58368K), 4 survivors (4096K)
 Metaspace       used 46884K, capacity 48120K, committed 48256K, reserved 1091584K
  class space    used 6035K, capacity 6467K, committed 6528K, reserved 1048576K
}
Event: 10.053 GC heap after
{Heap after GC invocations=12 (full 0):
 garbage-first heap   total 118784K, used 31419K [0x0000000080000000, 0x0000000100000000)
  region size 1024K, 5 young (5120K), 5 survivors (5120K)
 Metaspace       used 46884K, capacity 48120K, committed 48256K, reserved 1091584K
  class space    used 6035K, capacity 6467K, committed 6528K, reserved 1048576K
}
Event: 12.530 GC heap before
{Heap before GC invocations=12 (full 0):
 garbage-first heap   total 118784K, used 85691K [0x0000000080000000, 0x0000000100000000)
  region size 1024K, 59 young (60416K), 5 survivors (5120K)
 Metaspace       used 49111K, capacity 50480K, committed 50560K, reserved 1093632K
  class space    used 6280K, capacity 6767K, committed 6784K, reserved 1048576K
}
Event: 12.540 GC heap after
{Heap after GC invocations=13 (full 0):
 garbage-first heap   total 118784K, used 35074K [0x0000000080000000, 0x0000000100000000)
  region size 1024K, 7 young (7168K), 7 survivors (7168K)
 Metaspace       used 49111K, capacity 50480K, committed 50560K, reserved 1093632K
  class space    used 6280K, capacity 6767K, committed 6784K, reserved 1048576K
}

