# JRE version: OpenJDK Runtime Environment (11.0.11+9) (build 11.0.11+9-b60-7590822)
# Java VM: OpenJDK 64-Bit Server VM (11.0.11+9-b60-7590822, mixed mode, tiered, compressed oops, g1 gc, windows-amd64)
Heap:
 garbage-first heap   total 172032K, used 91119K [0x0000000080000000, 0x0000000100000000)
  region size 1024K, 4 young (4096K), 4 survivors (4096K)
 Metaspace       used 90778K, capacity 93084K, committed 93312K, reserved 1130496K
  class space    used 11691K, capacity 12597K, committed 12672K, reserved 1048576K
GC Heap History (20 events):
Event: 32.427 GC heap after
{Heap after GC invocations=39 (full 0):
 garbage-first heap   total 118784K, used 73423K [0x0000000080000000, 0x0000000100000000)
  region size 1024K, 2 young (2048K), 2 survivors (2048K)
 Metaspace       used 79400K, capacity 81304K, committed 81536K, reserved 1120256K
  class space    used 10293K, capacity 11028K, committed 11136K, reserved 1048576K
}
Event: 32.981 GC heap before
{Heap before GC invocations=40 (full 0):
 garbage-first heap   total 118784K, used 92879K [0x0000000080000000, 0x0000000100000000)
  region size 1024K, 21 young (21504K), 2 survivors (2048K)
 Metaspace       used 81248K, capacity 83095K, committed 83200K, reserved 1122304K
  class space    used 10541K, capacity 11259K, committed 11264K, reserved 1048576K
}
Event: 32.991 GC heap after
{Heap after GC invocations=41 (full 0):
 garbage-first heap   total 118784K, used 74434K [0x0000000080000000, 0x0000000100000000)
  region size 1024K, 2 young (2048K), 2 survivors (2048K)
 Metaspace       used 81248K, capacity 83095K, committed 83200K, reserved 1122304K
  class space    used 10541K, capacity 11259K, committed 11264K, reserved 1048576K
}
Event: 33.809 GC heap before
{Heap before GC invocations=41 (full 0):
 garbage-first heap   total 118784K, used 94914K [0x0000000080000000, 0x0000000100000000)
  region size 1024K, 22 young (22528K), 2 survivors (2048K)
 Metaspace       used 83912K, capacity 85882K, committed 86016K, reserved 1124352K
  class space    used 10906K, capacity 11664K, committed 11776K, reserved 1048576K
}
Event: 33.815 GC heap after
{Heap after GC invocations=42 (full 0):
 garbage-first heap   total 118784K, used 75591K [0x0000000080000000, 0x0000000100000000)
  region size 1024K, 3 young (3072K), 3 survivors (3072K)
 Metaspace       used 83912K, capacity 85882K, committed 86016K, reserved 1124352K
  class space    used 10906K, capacity 11664K, committed 11776K, reserved 1048576K
}
Event: 34.385 GC heap before
{Heap before GC invocations=43 (full 0):
 garbage-first heap   total 118784K, used 95047K [0x0000000080000000, 0x0000000100000000)
  region size 1024K, 22 young (22528K), 3 survivors (3072K)
 Metaspace       used 85338K, capacity 87305K, committed 87424K, reserved 1124352K
  class space    used 11086K, capacity 11838K, committed 11904K, reserved 1048576K
}
Event: 34.395 GC heap after
{Heap after GC invocations=44 (full 0):
 garbage-first heap   total 118784K, used 77182K [0x0000000080000000, 0x0000000100000000)
  region size 1024K, 3 young (3072K), 3 survivors (3072K)
 Metaspace       used 85338K, capacity 87305K, committed 87424K, reserved 1124352K
  class space    used 11086K, capacity 11838K, committed 11904K, reserved 1048576K
}
Event: 34.817 GC heap before
{Heap before GC invocations=44 (full 0):
 garbage-first heap   total 118784K, used 96638K [0x0000000080000000, 0x0000000100000000)
  region size 1024K, 22 young (22528K), 3 survivors (3072K)
 Metaspace       used 86774K, capacity 88718K, committed 88832K, reserved 1126400K
  class space    used 11246K, capacity 12003K, committed 12032K, reserved 1048576K
}
Event: 34.831 GC heap after
{Heap after GC invocations=45 (full 0):
 garbage-first heap   total 118784K, used 80681K [0x0000000080000000, 0x0000000100000000)
  region size 1024K, 3 young (3072K), 3 survivors (3072K)
 Metaspace       used 86774K, capacity 88718K, committed 88832K, reserved 1126400K
  class space    used 11246K, capacity 12003K, committed 12032K, reserved 1048576K
}
Event: 35.331 GC heap before
{Heap before GC invocations=46 (full 0):
 garbage-first heap   total 118784K, used 97065K [0x0000000080000000, 0x0000000100000000)
  region size 1024K, 20 young (20480K), 3 survivors (3072K)
 Metaspace       used 88877K, capacity 91073K, committed 91264K, reserved 1128448K
  class space    used 11547K, capacity 12362K, committed 12416K, reserved 1048576K
}
Event: 35.341 GC heap after
{Heap after GC invocations=47 (full 0):
 garbage-first heap   total 118784K, used 82155K [0x0000000080000000, 0x0000000100000000)
  region size 1024K, 2 young (2048K), 2 survivors (2048K)
 Metaspace       used 88877K, capacity 91073K, committed 91264K, reserved 1128448K
  class space    used 11547K, capacity 12362K, committed 12416K, reserved 1048576K
}
Event: 36.676 GC heap before
{Heap before GC invocations=47 (full 0):
 garbage-first heap   total 118784K, used 98539K [0x0000000080000000, 0x0000000100000000)
  region size 1024K, 18 young (18432K), 2 survivors (2048K)
 Metaspace       used 89523K, capacity 91733K, committed 91904K, reserved 1128448K
  class space    used 11596K, capacity 12424K, committed 12544K, reserved 1048576K
}
Event: 36.688 GC heap after
{Heap after GC invocations=48 (full 0):
 garbage-first heap   total 143360K, used 83710K [0x0000000080000000, 0x0000000100000000)
  region size 1024K, 3 young (3072K), 3 survivors (3072K)
 Metaspace       used 89523K, capacity 91733K, committed 91904K, reserved 1128448K
  class space    used 11596K, capacity 12424K, committed 12544K, reserved 1048576K
}
Event: 37.684 GC heap before
{Heap before GC invocations=49 (full 0):
 garbage-first heap   total 143360K, used 109310K [0x0000000080000000, 0x0000000100000000)
  region size 1024K, 28 young (28672K), 3 survivors (3072K)
 Metaspace       used 90031K, capacity 92263K, committed 92416K, reserved 1128448K
  class space    used 11650K, capacity 12509K, committed 12544K, reserved 1048576K
}
Event: 37.692 GC heap after
{Heap after GC invocations=50 (full 0):
 garbage-first heap   total 143360K, used 85690K [0x0000000080000000, 0x0000000100000000)
  region size 1024K, 4 young (4096K), 4 survivors (4096K)
 Metaspace       used 90031K, capacity 92263K, committed 92416K, reserved 1128448K
  class space    used 11650K, capacity 12509K, committed 12544K, reserved 1048576K
}
Event: 39.189 GC heap before
{Heap before GC invocations=50 (full 0):
 garbage-first heap   total 143360K, used 110266K [0x0000000080000000, 0x0000000100000000)
  region size 1024K, 29 young (29696K), 4 survivors (4096K)
 Metaspace       used 90192K, capacity 92465K, committed 92672K, reserved 1130496K
  class space    used 11650K, capacity 12509K, committed 12544K, reserved 1048576K
}
Event: 39.199 GC heap after
{Heap after GC invocations=51 (full 0):
 garbage-first heap   total 143360K, used 87045K [0x0000000080000000, 0x0000000100000000)
  region size 1024K, 4 young (4096K), 4 survivors (4096K)
 Metaspace       used 90192K, capacity 92465K, committed 92672K, reserved 1130496K
  class space    used 11650K, capacity 12509K, committed 12544K, reserved 1048576K
}
Event: 41.758 GC heap before
{Heap before GC invocations=52 (full 0):
 garbage-first heap   total 143360K, used 112645K [0x0000000080000000, 0x0000000100000000)
  region size 1024K, 30 young (30720K), 4 survivors (4096K)
 Metaspace       used 90573K, capacity 92876K, committed 92928K, reserved 1130496K
  class space    used 11681K, capacity 12523K, committed 12544K, reserved 1048576K
}
Event: 41.769 GC heap after
{Heap after GC invocations=53 (full 0):
 garbage-first heap   total 143360K, used 89108K [0x0000000080000000, 0x0000000100000000)
  region size 1024K, 4 young (4096K), 4 survivors (4096K)
 Metaspace       used 90573K, capacity 92876K, committed 92928K, reserved 1130496K
  class space    used 11681K, capacity 12523K, committed 12544K, reserved 1048576K
}
Event: 42.466 GC heap before
{Heap before GC invocations=53 (full 0):
 garbage-first heap   total 143360K, used 114708K [0x0000000080000000, 0x0000000100000000)
  region size 1024K, 30 young (30720K), 4 survivors (4096K)
 Metaspace       used 90778K, capacity 93084K, committed 93312K, reserved 1130496K
  class space    used 11691K, capacity 12597K, committed 12672K, reserved 1048576K
}

