# JRE version: OpenJDK Runtime Environment (11.0.11+9) (build 11.0.11+9-b60-7590822)
# Java VM: OpenJDK 64-Bit Server VM (11.0.11+9-b60-7590822, mixed mode, tiered, compressed oops, g1 gc, windows-amd64)
Heap:
 garbage-first heap   total 98304K, used 40426K [0x00000000a0e00000, 0x0000000100000000)
  region size 1024K, 9 young (9216K), 3 survivors (3072K)
 Metaspace       used 49660K, capacity 50289K, committed 50384K, reserved 1093632K
  class space    used 5710K, capacity 5973K, committed 6016K, reserved 1048576K
GC Heap History (14 events):
Event: 1.421 GC heap before
{Heap before GC invocations=0 (full 0):
 garbage-first heap   total 98304K, used 27648K [0x00000000a0e00000, 0x0000000100000000)
  region size 1024K, 24 young (24576K), 0 survivors (0K)
 Metaspace       used 12335K, capacity 12504K, committed 12800K, reserved 1060864K
  class space    used 1162K, capacity 1207K, committed 1280K, reserved 1048576K
}
Event: 1.427 GC heap after
{Heap after GC invocations=1 (full 0):
 garbage-first heap   total 98304K, used 5848K [0x00000000a0e00000, 0x0000000100000000)
  region size 1024K, 3 young (3072K), 3 survivors (3072K)
 Metaspace       used 12335K, capacity 12504K, committed 12800K, reserved 1060864K
  class space    used 1162K, capacity 1207K, committed 1280K, reserved 1048576K
}
Event: 3.671 GC heap before
{Heap before GC invocations=1 (full 0):
 garbage-first heap   total 98304K, used 42712K [0x00000000a0e00000, 0x0000000100000000)
  region size 1024K, 40 young (40960K), 3 survivors (3072K)
 Metaspace       used 20901K, capacity 21152K, committed 21296K, reserved 1069056K
  class space    used 2218K, capacity 2355K, committed 2432K, reserved 1048576K
}
Event: 3.698 GC heap after
{Heap after GC invocations=2 (full 0):
 garbage-first heap   total 98304K, used 9195K [0x00000000a0e00000, 0x0000000100000000)
  region size 1024K, 6 young (6144K), 6 survivors (6144K)
 Metaspace       used 20901K, capacity 21152K, committed 21296K, reserved 1069056K
  class space    used 2218K, capacity 2355K, committed 2432K, reserved 1048576K
}
Event: 10.403 GC heap before
{Heap before GC invocations=3 (full 0):
 garbage-first heap   total 98304K, used 59371K [0x00000000a0e00000, 0x0000000100000000)
  region size 1024K, 50 young (51200K), 6 survivors (6144K)
 Metaspace       used 31321K, capacity 31802K, committed 32048K, reserved 1077248K
  class space    used 3739K, capacity 3937K, committed 3968K, reserved 1048576K
}
Event: 10.441 GC heap after
{Heap after GC invocations=4 (full 0):
 garbage-first heap   total 98304K, used 19852K [0x00000000a0e00000, 0x0000000100000000)
  region size 1024K, 7 young (7168K), 7 survivors (7168K)
 Metaspace       used 31321K, capacity 31802K, committed 32048K, reserved 1077248K
  class space    used 3739K, capacity 3937K, committed 3968K, reserved 1048576K
}
Event: 13.348 GC heap before
{Heap before GC invocations=4 (full 0):
 garbage-first heap   total 98304K, used 39308K [0x00000000a0e00000, 0x0000000100000000)
  region size 1024K, 27 young (27648K), 7 survivors (7168K)
 Metaspace       used 35340K, capacity 35779K, committed 35920K, reserved 1081344K
  class space    used 4382K, capacity 4579K, committed 4608K, reserved 1048576K
}
Event: 13.381 GC heap after
{Heap after GC invocations=5 (full 0):
 garbage-first heap   total 98304K, used 23255K [0x00000000a0e00000, 0x0000000100000000)
  region size 1024K, 3 young (3072K), 3 survivors (3072K)
 Metaspace       used 35340K, capacity 35779K, committed 35920K, reserved 1081344K
  class space    used 4382K, capacity 4579K, committed 4608K, reserved 1048576K
}
Event: 15.818 GC heap before
{Heap before GC invocations=6 (full 0):
 garbage-first heap   total 98304K, used 59095K [0x00000000a0e00000, 0x0000000100000000)
  region size 1024K, 38 young (38912K), 3 survivors (3072K)
 Metaspace       used 41080K, capacity 41618K, committed 41936K, reserved 1085440K
  class space    used 4921K, capacity 5136K, committed 5248K, reserved 1048576K
}
Event: 15.841 GC heap after
{Heap after GC invocations=7 (full 0):
 garbage-first heap   total 98304K, used 25963K [0x00000000a0e00000, 0x0000000100000000)
  region size 1024K, 5 young (5120K), 5 survivors (5120K)
 Metaspace       used 41080K, capacity 41618K, committed 41936K, reserved 1085440K
  class space    used 4921K, capacity 5136K, committed 5248K, reserved 1048576K
}
Event: 20.366 GC heap before
{Heap before GC invocations=7 (full 0):
 garbage-first heap   total 98304K, used 63851K [0x00000000a0e00000, 0x0000000100000000)
  region size 1024K, 41 young (41984K), 5 survivors (5120K)
 Metaspace       used 47912K, capacity 48541K, committed 48720K, reserved 1091584K
  class space    used 5623K, capacity 5855K, committed 5888K, reserved 1048576K
}
Event: 20.386 GC heap after
{Heap after GC invocations=8 (full 0):
 garbage-first heap   total 98304K, used 31239K [0x00000000a0e00000, 0x0000000100000000)
  region size 1024K, 6 young (6144K), 6 survivors (6144K)
 Metaspace       used 47912K, capacity 48541K, committed 48720K, reserved 1091584K
  class space    used 5623K, capacity 5855K, committed 5888K, reserved 1048576K
}
Event: 21.154 GC heap before
{Heap before GC invocations=8 (full 0):
 garbage-first heap   total 98304K, used 66055K [0x00000000a0e00000, 0x0000000100000000)
  region size 1024K, 40 young (40960K), 6 survivors (6144K)
 Metaspace       used 49063K, capacity 49635K, committed 49872K, reserved 1093632K
  class space    used 5689K, capacity 5934K, committed 6016K, reserved 1048576K
}
Event: 21.182 GC heap after
{Heap after GC invocations=9 (full 0):
 garbage-first heap   total 98304K, used 33258K [0x00000000a0e00000, 0x0000000100000000)
  region size 1024K, 3 young (3072K), 3 survivors (3072K)
 Metaspace       used 49063K, capacity 49635K, committed 49872K, reserved 1093632K
  class space    used 5689K, capacity 5934K, committed 6016K, reserved 1048576K
}

